<?xml version="1.0" encoding="UTF-8"?>
<!-- Generated by org.testng.reporters.JUnitReportReporter -->
<testsuite hostname="ani" failures="0" tests="1" name="tests.LogoutTest" time="4.371" errors="0" timestamp="11 jun. 2025 01:53:07 GMT" skipped="0">
  <testcase classname="tests.LogoutTest" name="testLogout" time="4.371"/>
</testsuite> <!-- tests.LogoutTest -->
