<?xml version="1.0" encoding="UTF-8"?>
<!-- Generated by org.testng.reporters.JUnitReportReporter -->
<testsuite hostname="ani" failures="0" tests="1" name="tests.LogoutTest" time="5.084" errors="0" timestamp="11 jun. 2025 01:29:31 GMT" skipped="0">
  <testcase classname="tests.LogoutTest" name="testLogout" time="5.084"/>
</testsuite> <!-- tests.LogoutTest -->
